
         ,--.
       ,--.'|
   ,--,:  : |                                           Nacos 1.3.2
,`--.'`|  ' :                       ,---.               Running in stand alone mode, All function modules
|   :  :  | |                      '   ,'\   .--.--.    Port: 8848
:   |   \ | :  ,--.--.     ,---.  /   /   | /  /    '   Pid: 24
|   : '  '; | /       \   /     \.   ; ,. :|  :  /`./   Console: http://81c76167b102:8848/nacos/index.html
'   ' ;.    ;.--.  .-. | /    / ''   | |: :|  :  ;_
|   | | \   | \__\/: . ..    ' / '   | .; : \  \    `.      https://nacos.io
'   : |  ; .' ," .--.; |'   ; :__|   :    |  `----.   \
|   | '`--'  /  /  ,.  |'   | '.'|\   \  /  /  /`--'  /
'   : |     ;  :   .'   \   :    : `----'  '--'.     /
;   |.'     |  ,     .-./\   \  /            `--'---'
'---'        `--`---'     `----'

2020-11-22 14:54:43,697 INFO Bean 'org.springframework.security.config.annotation.configuration.ObjectPostProcessorConfiguration' of type [org.springframework.security.config.annotation.configuration.ObjectPostProcessorConfiguration$$EnhancerBySpringCGLIB$$8b8ef780] is not eligible for getting processed by all BeanPostProcessors (for example: not eligible for auto-proxying)

2020-11-22 14:54:43,791 INFO Bean 'objectPostProcessor' of type [org.springframework.security.config.annotation.configuration.AutowireBeanFactoryObjectPostProcessor] is not eligible for getting processed by all BeanPostProcessors (for example: not eligible for auto-proxying)

2020-11-22 14:54:43,795 INFO Bean 'org.springframework.security.access.expression.method.DefaultMethodSecurityExpressionHandler@5b7a8434' of type [org.springframework.security.access.expression.method.DefaultMethodSecurityExpressionHandler] is not eligible for getting processed by all BeanPostProcessors (for example: not eligible for auto-proxying)

2020-11-22 14:54:43,799 INFO Bean 'org.springframework.security.config.annotation.method.configuration.GlobalMethodSecurityConfiguration' of type [org.springframework.security.config.annotation.method.configuration.GlobalMethodSecurityConfiguration$$EnhancerBySpringCGLIB$$b0639a32] is not eligible for getting processed by all BeanPostProcessors (for example: not eligible for auto-proxying)

2020-11-22 14:54:43,928 INFO Bean 'methodSecurityMetadataSource' of type [org.springframework.security.access.method.DelegatingMethodSecurityMetadataSource] is not eligible for getting processed by all BeanPostProcessors (for example: not eligible for auto-proxying)

2020-11-22 14:54:44,373 INFO Tomcat initialized with port(s): 8848 (http)

2020-11-22 14:54:44,602 INFO Root WebApplicationContext: initialization completed in 3824 ms

2020-11-22 14:54:48,068 INFO Initializing ExecutorService 'applicationTaskExecutor'

2020-11-22 14:54:48,282 INFO Adding welcome page: class path resource [static/index.html]

2020-11-22 14:54:48,722 INFO Creating filter chain: Ant [pattern='/**'], []

2020-11-22 14:54:48,774 INFO Creating filter chain: any request, [org.springframework.security.web.context.request.async.WebAsyncManagerIntegrationFilter@60cf80e7, org.springframework.security.web.context.SecurityContextPersistenceFilter@5ae81e1, org.springframework.security.web.header.HeaderWriterFilter@30ed9c6c, org.springframework.security.web.csrf.CsrfFilter@6ea1bcdc, org.springframework.security.web.authentication.logout.LogoutFilter@2a2da905, org.springframework.security.web.savedrequest.RequestCacheAwareFilter@5ae76500, org.springframework.security.web.servletapi.SecurityContextHolderAwareRequestFilter@355e34c7, org.springframework.security.web.authentication.AnonymousAuthenticationFilter@302fec27, org.springframework.security.web.session.SessionManagementFilter@46c670a6, org.springframework.security.web.access.ExceptionTranslationFilter@64712be]

2020-11-22 14:54:48,880 INFO Exposing 16 endpoint(s) beneath base path '/actuator'

2020-11-22 14:54:48,922 INFO Initializing ExecutorService 'taskScheduler'

2020-11-22 14:54:49,068 INFO Tomcat started on port(s): 8848 (http) with context path '/nacos'

2020-11-22 14:54:49,076 INFO Nacos Log files: /home/nacos/logs

2020-11-22 14:54:49,082 INFO Nacos Log files: /home/nacos/conf

2020-11-22 14:54:49,083 INFO Nacos Log files: /home/nacos/data

2020-11-22 14:54:49,084 INFO Nacos started successfully in stand alone mode. use embedded storage

2020-11-22 14:54:50,717 INFO Initializing Servlet 'dispatcherServlet'

2020-11-22 14:54:50,731 INFO Completed initialization in 14 ms

