
         ,--.
       ,--.'|
   ,--,:  : |                                           Nacos 1.3.2
,`--.'`|  ' :                       ,---.               Running in stand alone mode, All function modules
|   :  :  | |                      '   ,'\   .--.--.    Port: 8848
:   |   \ | :  ,--.--.     ,---.  /   /   | /  /    '   Pid: 26
|   : '  '; | /       \   /     \.   ; ,. :|  :  /`./   Console: http://9d3e43eef3fd:8848/nacos/index.html
'   ' ;.    ;.--.  .-. | /    / ''   | |: :|  :  ;_
|   | | \   | \__\/: . ..    ' / '   | .; : \  \    `.      https://nacos.io
'   : |  ; .' ," .--.; |'   ; :__|   :    |  `----.   \
|   | '`--'  /  /  ,.  |'   | '.'|\   \  /  /  /`--'  /
'   : |     ;  :   .'   \   :    : `----'  '--'.     /
;   |.'     |  ,     .-./\   \  /            `--'---'
'---'        `--`---'     `----'

2021-04-29 09:31:08,010 INFO Bean 'org.springframework.security.config.annotation.configuration.ObjectPostProcessorConfiguration' of type [org.springframework.security.config.annotation.configuration.ObjectPostProcessorConfiguration$$EnhancerBySpringCGLIB$$bf301d27] is not eligible for getting processed by all BeanPostProcessors (for example: not eligible for auto-proxying)

2021-04-29 09:31:08,337 INFO Bean 'objectPostProcessor' of type [org.springframework.security.config.annotation.configuration.AutowireBeanFactoryObjectPostProcessor] is not eligible for getting processed by all BeanPostProcessors (for example: not eligible for auto-proxying)

2021-04-29 09:31:08,351 INFO Bean 'org.springframework.security.access.expression.method.DefaultMethodSecurityExpressionHandler@662706a7' of type [org.springframework.security.access.expression.method.DefaultMethodSecurityExpressionHandler] is not eligible for getting processed by all BeanPostProcessors (for example: not eligible for auto-proxying)

2021-04-29 09:31:08,355 INFO Bean 'org.springframework.security.config.annotation.method.configuration.GlobalMethodSecurityConfiguration' of type [org.springframework.security.config.annotation.method.configuration.GlobalMethodSecurityConfiguration$$EnhancerBySpringCGLIB$$e404bfd9] is not eligible for getting processed by all BeanPostProcessors (for example: not eligible for auto-proxying)

2021-04-29 09:31:08,370 INFO Bean 'methodSecurityMetadataSource' of type [org.springframework.security.access.method.DelegatingMethodSecurityMetadataSource] is not eligible for getting processed by all BeanPostProcessors (for example: not eligible for auto-proxying)

2021-04-29 09:31:09,271 INFO Tomcat initialized with port(s): 8848 (http)

2021-04-29 09:31:09,586 INFO Root WebApplicationContext: initialization completed in 11217 ms

2021-04-29 09:31:17,508 INFO Initializing ExecutorService 'applicationTaskExecutor'

2021-04-29 09:31:17,978 INFO Adding welcome page: class path resource [static/index.html]

2021-04-29 09:31:19,131 INFO Creating filter chain: Ant [pattern='/**'], []

2021-04-29 09:31:19,275 INFO Creating filter chain: any request, [org.springframework.security.web.context.request.async.WebAsyncManagerIntegrationFilter@7e094740, org.springframework.security.web.context.SecurityContextPersistenceFilter@6e57e95e, org.springframework.security.web.header.HeaderWriterFilter@2e77b8cf, org.springframework.security.web.csrf.CsrfFilter@3ec11999, org.springframework.security.web.authentication.logout.LogoutFilter@578524c3, org.springframework.security.web.savedrequest.RequestCacheAwareFilter@56db847e, org.springframework.security.web.servletapi.SecurityContextHolderAwareRequestFilter@5fe8b721, org.springframework.security.web.authentication.AnonymousAuthenticationFilter@7a11c4c7, org.springframework.security.web.session.SessionManagementFilter@67ef029, org.springframework.security.web.access.ExceptionTranslationFilter@9f46d94]

2021-04-29 09:31:20,318 INFO Exposing 16 endpoint(s) beneath base path '/actuator'

2021-04-29 09:31:20,410 INFO Initializing ExecutorService 'taskScheduler'

2021-04-29 09:31:20,821 INFO Tomcat started on port(s): 8848 (http) with context path '/nacos'

2021-04-29 09:31:20,844 INFO Nacos Log files: /home/nacos/logs

2021-04-29 09:31:20,861 INFO Nacos Log files: /home/nacos/conf

2021-04-29 09:31:20,864 INFO Nacos Log files: /home/nacos/data

2021-04-29 09:31:20,866 INFO Nacos started successfully in stand alone mode. use embedded storage

2021-04-29 09:31:24,521 INFO Initializing Servlet 'dispatcherServlet'

2021-04-29 09:31:24,543 INFO Completed initialization in 21 ms

